<?xml version="1.0" encoding="UTF-8"?>
<!-- Generated by org.testng.reporters.JUnitReportReporter -->
<testsuite skipped="0" hostname="LAPTOP-CLIP7DDS" name="ExpediaFlight.Flight" tests="2" failures="0" timestamp="2021-03-04T23:08:34 IST" time="47.946" errors="0">
  <testcase name="expedia" time="27.289" classname="ExpediaFlight.Flight"/>
  <system-out/>
  <testcase name="expedianewmethod" time="20.657" classname="ExpediaFlight.Flight"/>
  <system-out/>
</testsuite> <!-- ExpediaFlight.Flight -->
