<?xml version="1.0" encoding="UTF-8"?>
<!-- Generated by org.testng.reporters.JUnitReportReporter -->
<testsuite skipped="0" hostname="LAPTOP-CLIP7DDS" name="ExpediaFlight.Flight" tests="2" failures="0" timestamp="2021-03-04T23:23:24 IST" time="39.533" errors="0">
  <testcase name="expedia" time="17.573" classname="ExpediaFlight.Flight"/>
  <system-out/>
  <testcase name="expedianewmethod" time="21.960" classname="ExpediaFlight.Flight"/>
  <system-out/>
</testsuite> <!-- ExpediaFlight.Flight -->
