<?xml version="1.0" encoding="UTF-8"?>
<!-- Generated by org.testng.reporters.JUnitReportReporter -->
<testsuite skipped="0" hostname="LAPTOP-CLIP7DDS" name="ExpediaFlight.Readimage" tests="1" failures="0" timestamp="2021-03-07T19:58:56 IST" time="25.189" errors="0">
  <testcase name="expedia" time="25.189" classname="ExpediaFlight.Readimage"/>
  <system-out/>
</testsuite> <!-- ExpediaFlight.Readimage -->
